<?xml version="1.0" encoding="UTF-8"?>
<testng-results ignored="0" total="1" passed="1" failed="0" skipped="0">
  <reporter-output>
  </reporter-output>
  <suite started-at="2025-03-08T18:12:39 IST" name="Surefire suite" finished-at="2025-03-08T18:12:46 IST" duration-ms="6400">
    <groups>
    </groups>
    <test started-at="2025-03-08T18:12:39 IST" name="Surefire test" finished-at="2025-03-08T18:12:46 IST" duration-ms="6400">
      <class name="testCases.LoginTest">
        <test-method is-config="true" signature="setup()[pri:0, instance:testCases.LoginTest@15b204a1]" started-at="2025-03-08T18:12:39 IST" name="setup" finished-at="2025-03-08T18:12:45 IST" duration-ms="5427" status="PASS">
          <reporter-output>
          </reporter-output>
        </test-method> <!-- setup -->
        <test-method signature="loginTest()[pri:0, instance:testCases.LoginTest@15b204a1]" started-at="2025-03-08T18:12:45 IST" name="loginTest" finished-at="2025-03-08T18:12:45 IST" duration-ms="544" status="PASS">
          <reporter-output>
          </reporter-output>
        </test-method> <!-- loginTest -->
        <test-method is-config="true" signature="tearDown()[pri:0, instance:testCases.LoginTest@15b204a1]" started-at="2025-03-08T18:12:45 IST" name="tearDown" finished-at="2025-03-08T18:12:46 IST" duration-ms="370" status="PASS">
          <reporter-output>
          </reporter-output>
        </test-method> <!-- tearDown -->
      </class> <!-- testCases.LoginTest -->
    </test> <!-- Surefire test -->
  </suite> <!-- Surefire suite -->
</testng-results>
